Using pre-set license
Built from '2020.3/staging' branch; Version is '2020.3.30f1 (1fb1bf06830e) revision 2077119'; Using compiler version '192528614'; Build Type 'Release'
OS: 'Windows 10  (10.0.19043) 64bit Education' Language: 'es' Physical Memory: 32716 MB
BatchMode: 1, IsHumanControllingUs: 0, StartBugReporterOnCrash: 0, Is64bit: 1, IsPro: 0

COMMAND LINE ARGUMENTS:
C:\Program Files\Unity\Hub\Editor\2020.3.30f1\Editor\Unity.exe
-adb2
-batchMode
-noUpm
-name
AssetImportWorker0
-projectPath
D:/Practicas-Proyectos-DDVPDM/Practica11-InputSystem
-logFile
Logs/AssetImportWorker0.log
-srvPort
58821
Successfully changed project path to: D:/Practicas-Proyectos-DDVPDM/Practica11-InputSystem
D:/Practicas-Proyectos-DDVPDM/Practica11-InputSystem
Using Asset Import Pipeline V2.
Refreshing native plugins compatible for Editor in 81.54 ms, found 4 plugins.
Preloading 0 native plugins for Editor in 0.00 ms.
Initialize engine version: 2020.3.30f1 (1fb1bf06830e)
[Subsystems] Discovering subsystems at path C:/Program Files/Unity/Hub/Editor/2020.3.30f1/Editor/Data/Resources/UnitySubsystems
[Subsystems] Discovering subsystems at path D:/Practicas-Proyectos-DDVPDM/Practica11-InputSystem/Assets
GfxDevice: creating device client; threaded=0
Direct3D:
    Version:  Direct3D 11.0 [level 11.0]
    Renderer: NVIDIA Quadro K420 (ID=0xff3)
    Vendor:   
    VRAM:     2007 MB
    Driver:   24.21.13.9872
Initialize mono
Mono path[0] = 'C:/Program Files/Unity/Hub/Editor/2020.3.30f1/Editor/Data/Managed'
Mono path[1] = 'C:/Program Files/Unity/Hub/Editor/2020.3.30f1/Editor/Data/MonoBleedingEdge/lib/mono/unityjit'
Mono config path = 'C:/Program Files/Unity/Hub/Editor/2020.3.30f1/Editor/Data/MonoBleedingEdge/etc'
Using monoOptions --debugger-agent=transport=dt_socket,embedding=1,server=y,suspend=n,address=127.0.0.1:56032
Begin MonoManager ReloadAssembly
Registering precompiled unity dll's ...
Register platform support module: C:/Program Files/Unity/Hub/Editor/2020.3.30f1/Editor/Data/PlaybackEngines/WindowsStandaloneSupport/UnityEditor.WindowsStandalone.Extensions.dll
Registered in 0.002458 seconds.
Native extension for WindowsStandalone target not found
Refreshing native plugins compatible for Editor in 68.98 ms, found 4 plugins.
Preloading 0 native plugins for Editor in 0.00 ms.
Mono: successfully reloaded assembly
- Completed reload, in  0.758 seconds
Domain Reload Profiling:
	ReloadAssembly (758ms)
		BeginReloadAssembly (80ms)
			ExecutionOrderSort (0ms)
			DisableScriptedObjects (0ms)
			BackupInstance (0ms)
			ReleaseScriptingObjects (0ms)
			CreateAndSetChildDomain (1ms)
		EndReloadAssembly (586ms)
			LoadAssemblies (77ms)
			RebuildTransferFunctionScriptingTraits (0ms)
			SetupTypeCache (186ms)
			ReleaseScriptCaches (0ms)
			RebuildScriptCaches (37ms)
			SetupLoadedEditorAssemblies (227ms)
				LogAssemblyErrors (0ms)
				InitializePlatformSupportModulesInManaged (7ms)
				SetLoadedEditorAssemblies (0ms)
				RefreshPlugins (69ms)
				BeforeProcessingInitializeOnLoad (18ms)
				ProcessInitializeOnLoadAttributes (96ms)
				ProcessInitializeOnLoadMethodAttributes (36ms)
				AfterProcessingInitializeOnLoad (0ms)
				EditorAssembliesLoaded (0ms)
			ExecutionOrderSort2 (0ms)
			AwakeInstancesAfterBackupRestoration (0ms)
Platform modules already initialized, skipping
Registering precompiled user dll's ...
Registered in 0.003281 seconds.
Begin MonoManager ReloadAssembly
Native extension for WindowsStandalone target not found
Refreshing native plugins compatible for Editor in 77.13 ms, found 4 plugins.
Preloading 0 native plugins for Editor in 0.00 ms.
Mono: successfully reloaded assembly
- Completed reload, in  1.589 seconds
Domain Reload Profiling:
	ReloadAssembly (1590ms)
		BeginReloadAssembly (192ms)
			ExecutionOrderSort (0ms)
			DisableScriptedObjects (5ms)
			BackupInstance (0ms)
			ReleaseScriptingObjects (0ms)
			CreateAndSetChildDomain (24ms)
		EndReloadAssembly (1326ms)
			LoadAssemblies (123ms)
			RebuildTransferFunctionScriptingTraits (0ms)
			SetupTypeCache (403ms)
			ReleaseScriptCaches (1ms)
			RebuildScriptCaches (75ms)
			SetupLoadedEditorAssemblies (566ms)
				LogAssemblyErrors (0ms)
				InitializePlatformSupportModulesInManaged (3ms)
				SetLoadedEditorAssemblies (0ms)
				RefreshPlugins (77ms)
				BeforeProcessingInitializeOnLoad (110ms)
				ProcessInitializeOnLoadAttributes (342ms)
				ProcessInitializeOnLoadMethodAttributes (23ms)
				AfterProcessingInitializeOnLoad (11ms)
				EditorAssembliesLoaded (0ms)
			ExecutionOrderSort2 (0ms)
			AwakeInstancesAfterBackupRestoration (12ms)
Platform modules already initialized, skipping
========================================================================
Worker process is ready to serve import requests
Launched and connected shader compiler UnityShaderCompiler.exe after 0.09 seconds
Refreshing native plugins compatible for Editor in 0.69 ms, found 4 plugins.
Preloading 0 native plugins for Editor in 0.00 ms.
Unloading 2894 Unused Serialized files (Serialized files now loaded: 0)
System memory in use before: 121.0 MB.
System memory in use after: 121.2 MB.

Unloading 32 unused Assets to reduce memory usage. Loaded Objects now: 3330.
Total: 5.120100 ms (FindLiveObjects: 0.251000 ms CreateObjectMapping: 0.177500 ms MarkObjects: 4.608300 ms  DeleteObjects: 0.082100 ms)

AssetImportParameters requested are different than current active one (requested -> active):
  custom:framework-win-MediaFoundation: 216162199b28c13a410421893ffa2e32 -> 
  custom:video-decoder-ogg-theora: a1e56fd34408186e4bbccfd4996cb3dc -> 
  custom:container-muxer-webm: aa71ff27fc2769a1b78a27578f13a17b -> 
  custom:container-demuxer-webm: 4f35f7cbe854078d1ac9338744f61a02 -> 
  custom:container-demuxer-ogg: 62fdf1f143b41e24485cea50d1cbac27 -> 
  custom:video-encoder-webm-vp8: eb34c28f22e8b96e1ab97ce403110664 -> 
  custom:video-decoder-webm-vp8: 9c59270c3fd7afecdb556c50c9e8de78 -> 
  custom:audio-decoder-ogg-vorbis: bf7c407c2cedff20999df2af8eb42d56 -> 
  custom:audio-encoder-webm-vorbis: bf7c407c2cedff20999df2af8eb42d56 -> 
========================================================================
Received Import Request.
  path: Assets/Sprites/2DExtreme.png
  artifactKey: Guid(5380cb4a32265b44aac483dcafb44802) Importer(815301076,1909f56bfc062723c751e8b465ee728b)
Start importing Assets/Sprites/2DExtreme.png using Guid(5380cb4a32265b44aac483dcafb44802) Importer(815301076,1909f56bfc062723c751e8b465ee728b)  -> (artifact id: '608a4ead9ea836f7d87859bb73b5240c') in 0.198045 seconds 
========================================================================
Received Import Request.
  Time since last request: 0.000268 seconds.
  path: Assets/Sprites/434182-Megaman-Legends-pattern-mechanics.png
  artifactKey: Guid(c8d0f27a3ea106740bb85ef160579b9e) Importer(815301076,1909f56bfc062723c751e8b465ee728b)
Start importing Assets/Sprites/434182-Megaman-Legends-pattern-mechanics.png using Guid(c8d0f27a3ea106740bb85ef160579b9e) Importer(815301076,1909f56bfc062723c751e8b465ee728b)  -> (artifact id: 'b945c981823b5e6bd3bca7c7d7d19fe1') in 0.068982 seconds 
========================================================================
Received Import Request.
  Time since last request: 0.000268 seconds.
  path: Assets/Sprites/Level1Background-original.jpg
  artifactKey: Guid(59a756f337d2be3489629428b59aa5c5) Importer(815301076,1909f56bfc062723c751e8b465ee728b)
Start importing Assets/Sprites/Level1Background-original.jpg using Guid(59a756f337d2be3489629428b59aa5c5) Importer(815301076,1909f56bfc062723c751e8b465ee728b)  -> (artifact id: 'ead221241ba097c0d8438db0af8d079f') in 0.032528 seconds 
========================================================================
Received Import Request.
  Time since last request: 0.000303 seconds.
  path: Assets/Sprites/IceBackground.jpg
  artifactKey: Guid(b34d43ec8521dde43bef00122e868ab3) Importer(815301076,1909f56bfc062723c751e8b465ee728b)
Start importing Assets/Sprites/IceBackground.jpg using Guid(b34d43ec8521dde43bef00122e868ab3) Importer(815301076,1909f56bfc062723c751e8b465ee728b)  -> (artifact id: 'a54074b2b74eee40fa0d69e4ad223fa7') in 0.026377 seconds 
========================================================================
Received Import Request.
  Time since last request: 0.000255 seconds.
  path: Assets/Sprites/GameOverUI.png
  artifactKey: Guid(c034170c1b540074681e67330e3a7e7a) Importer(815301076,1909f56bfc062723c751e8b465ee728b)
Start importing Assets/Sprites/GameOverUI.png using Guid(c034170c1b540074681e67330e3a7e7a) Importer(815301076,1909f56bfc062723c751e8b465ee728b)  -> (artifact id: '9b24ca936ec9e4cb0ec1a4e44ce2ab05') in 0.026106 seconds 
========================================================================
Received Import Request.
  Time since last request: 0.000258 seconds.
  path: Assets/Sprites/HealthBar_BG.png.55e09b9cd714188d887eb14900e2945e.png
  artifactKey: Guid(97ab7bcdda09f074993a6932cb474727) Importer(815301076,1909f56bfc062723c751e8b465ee728b)
Start importing Assets/Sprites/HealthBar_BG.png.55e09b9cd714188d887eb14900e2945e.png using Guid(97ab7bcdda09f074993a6932cb474727) Importer(815301076,1909f56bfc062723c751e8b465ee728b)  -> (artifact id: '6e93c3d7bf70350f85ed036b0f67b981') in 0.029985 seconds 
========================================================================
Received Import Request.
  Time since last request: 0.000261 seconds.
  path: Assets/Sprites/EstrellasUI.png
  artifactKey: Guid(f84c24ba2c1095f4e89b790ec7a3c2ab) Importer(815301076,1909f56bfc062723c751e8b465ee728b)
Start importing Assets/Sprites/EstrellasUI.png using Guid(f84c24ba2c1095f4e89b790ec7a3c2ab) Importer(815301076,1909f56bfc062723c751e8b465ee728b)  -> (artifact id: '7de3fc7ec763f649636cd52286adb2dc') in 0.041379 seconds 
========================================================================
Received Import Request.
  Time since last request: 0.000250 seconds.
  path: Assets/Sprites/434182-Megaman-Legends-pattern-mechanics 2.png
  artifactKey: Guid(255b6035ffa894c41b09c7669920bd62) Importer(815301076,1909f56bfc062723c751e8b465ee728b)
Start importing Assets/Sprites/434182-Megaman-Legends-pattern-mechanics 2.png using Guid(255b6035ffa894c41b09c7669920bd62) Importer(815301076,1909f56bfc062723c751e8b465ee728b)  -> (artifact id: '5e69c48b57b92167bf855ce0d052c6e1') in 0.063623 seconds 
========================================================================
Received Import Request.
  Time since last request: 0.000266 seconds.
  path: Assets/Sprites/Enemie1.png
  artifactKey: Guid(7d39c7cc14b7a5c47b302be764fd278b) Importer(815301076,1909f56bfc062723c751e8b465ee728b)
Start importing Assets/Sprites/Enemie1.png using Guid(7d39c7cc14b7a5c47b302be764fd278b) Importer(815301076,1909f56bfc062723c751e8b465ee728b)  -> (artifact id: 'ebaea2e8e9ea567ff44f5a50f49997ed') in 0.150884 seconds 
========================================================================
Received Import Request.
  Time since last request: 0.000275 seconds.
  path: Assets/Sprites/MBoy2.psb
  artifactKey: Guid(16c96fba417b3c74ca0c27e6e96b14ab) Importer(815301076,1909f56bfc062723c751e8b465ee728b)
Start importing Assets/Sprites/MBoy2.psb using Guid(16c96fba417b3c74ca0c27e6e96b14ab) Importer(815301076,1909f56bfc062723c751e8b465ee728b)  -> (artifact id: 'e2f924172b2e921033896c83d38cb350') in 0.202432 seconds 
========================================================================
Received Import Request.
  Time since last request: 0.000219 seconds.
  path: Assets/Sprites/Cuadrado1.png
  artifactKey: Guid(03e1628f0c3651c4b93177b3270376a2) Importer(815301076,1909f56bfc062723c751e8b465ee728b)
Start importing Assets/Sprites/Cuadrado1.png using Guid(03e1628f0c3651c4b93177b3270376a2) Importer(815301076,1909f56bfc062723c751e8b465ee728b)  -> (artifact id: '36a87a62d87167defd088dcc53a82d76') in 0.022518 seconds 
========================================================================
Received Import Request.
  Time since last request: 0.000328 seconds.
  path: Assets/Sprites/AttackAnimation.png
  artifactKey: Guid(a0f2d449439b7624daab44989a5d98e1) Importer(815301076,1909f56bfc062723c751e8b465ee728b)
Start importing Assets/Sprites/AttackAnimation.png using Guid(a0f2d449439b7624daab44989a5d98e1) Importer(815301076,1909f56bfc062723c751e8b465ee728b)  -> (artifact id: '574358362d87e3baae8e5fc58a1f92ea') in 0.058213 seconds 
========================================================================
Received Import Request.
  Time since last request: 0.001087 seconds.
  path: Assets/Sprites/AttackIcn.png
  artifactKey: Guid(ca7ac4dce62d25f4b8774699036ee7c4) Importer(815301076,1909f56bfc062723c751e8b465ee728b)
Start importing Assets/Sprites/AttackIcn.png using Guid(ca7ac4dce62d25f4b8774699036ee7c4) Importer(815301076,1909f56bfc062723c751e8b465ee728b)  -> (artifact id: '9e2f8cee1bf16e7e7a718a3b34552fd3') in 0.023226 seconds 
========================================================================
Received Import Request.
  Time since last request: 0.000220 seconds.
  path: Assets/Sprites/BackUi.png
  artifactKey: Guid(f55070b5677561843b38e92cb66d1e73) Importer(815301076,1909f56bfc062723c751e8b465ee728b)
Start importing Assets/Sprites/BackUi.png using Guid(f55070b5677561843b38e92cb66d1e73) Importer(815301076,1909f56bfc062723c751e8b465ee728b)  -> (artifact id: '999f244a815f618cae73187ea1b83d78') in 0.024862 seconds 
========================================================================
Received Import Request.
  Time since last request: 0.000314 seconds.
  path: Assets/Sprites/BackUi 1.png
  artifactKey: Guid(9f4a501a5e94f2f42a359b657ab0eb1d) Importer(815301076,1909f56bfc062723c751e8b465ee728b)
Start importing Assets/Sprites/BackUi 1.png using Guid(9f4a501a5e94f2f42a359b657ab0eb1d) Importer(815301076,1909f56bfc062723c751e8b465ee728b)  -> (artifact id: '5d405de67844727eb2c8770fdd53e823') in 0.023280 seconds 
========================================================================
Received Import Request.
  Time since last request: 0.000265 seconds.
  path: Assets/Sprites/JumpIcon.png
  artifactKey: Guid(39b198304a9507049ba03ccbe1a6568e) Importer(815301076,1909f56bfc062723c751e8b465ee728b)
Start importing Assets/Sprites/JumpIcon.png using Guid(39b198304a9507049ba03ccbe1a6568e) Importer(815301076,1909f56bfc062723c751e8b465ee728b)  -> (artifact id: '087c3d275a8cbc746b8f1f5420396235') in 0.027872 seconds 
========================================================================
Received Import Request.
  Time since last request: 0.000219 seconds.
  path: Assets/Sprites/MBoy3.psb
  artifactKey: Guid(17317b856e1ec0d4d95051398aca51f1) Importer(815301076,1909f56bfc062723c751e8b465ee728b)
Start importing Assets/Sprites/MBoy3.psb using Guid(17317b856e1ec0d4d95051398aca51f1) Importer(815301076,1909f56bfc062723c751e8b465ee728b)  -> (artifact id: '3c360b4bcecc6c0e308bb7347accaf4f') in 0.141928 seconds 
========================================================================
Received Import Request.
  Time since last request: 0.000262 seconds.
  path: Assets/Sprites/HeeartMinecraftSprite.png
  artifactKey: Guid(2a07cba6768aee24184baa95418b96af) Importer(815301076,1909f56bfc062723c751e8b465ee728b)
Start importing Assets/Sprites/HeeartMinecraftSprite.png using Guid(2a07cba6768aee24184baa95418b96af) Importer(815301076,1909f56bfc062723c751e8b465ee728b)  -> (artifact id: 'cc554d181ca01b115270f9aaafb3fee2') in 0.066341 seconds 
========================================================================
Received Import Request.
  Time since last request: 0.000626 seconds.
  path: Assets/Sprites/CinfigSprite.png
  artifactKey: Guid(831927bbbd8ec1543b7449c81083b853) Importer(815301076,1909f56bfc062723c751e8b465ee728b)
Start importing Assets/Sprites/CinfigSprite.png using Guid(831927bbbd8ec1543b7449c81083b853) Importer(815301076,1909f56bfc062723c751e8b465ee728b)  -> (artifact id: '8dfa05a5c888221242be9683f8d4911e') in 0.026793 seconds 
========================================================================
Received Import Request.
  Time since last request: 0.001039 seconds.
  path: Assets/Sprites/434182-Megaman-Legends-pattern-mechanics 1.png
  artifactKey: Guid(0393be1003524024bbfa34799a853203) Importer(815301076,1909f56bfc062723c751e8b465ee728b)
Start importing Assets/Sprites/434182-Megaman-Legends-pattern-mechanics 1.png using Guid(0393be1003524024bbfa34799a853203) Importer(815301076,1909f56bfc062723c751e8b465ee728b)  -> (artifact id: 'e9e7ae55294ec71aff652061e1dcd73b') in 0.079901 seconds 
========================================================================
Received Import Request.
  Time since last request: 0.000422 seconds.
  path: Assets/Sprites/LetrasMega2.png
  artifactKey: Guid(5990275ee19f773479e2628287f10c30) Importer(815301076,1909f56bfc062723c751e8b465ee728b)
Start importing Assets/Sprites/LetrasMega2.png using Guid(5990275ee19f773479e2628287f10c30) Importer(815301076,1909f56bfc062723c751e8b465ee728b)  -> (artifact id: 'f93ba2cb46259b45e661c085ab3c5812') in 0.025417 seconds 
========================================================================
Received Import Request.
  Time since last request: 0.000240 seconds.
  path: Assets/Sprites/Items.png
  artifactKey: Guid(13c6742b7b1d4894c8a9b9bf54931692) Importer(815301076,1909f56bfc062723c751e8b465ee728b)
Start importing Assets/Sprites/Items.png using Guid(13c6742b7b1d4894c8a9b9bf54931692) Importer(815301076,1909f56bfc062723c751e8b465ee728b)  -> (artifact id: 'fe317f3259f14a91c27b9bad69d6be91') in 0.091919 seconds 
========================================================================
Received Import Request.
  Time since last request: 0.000446 seconds.
  path: Assets/Sprites/MBoy.psb
  artifactKey: Guid(10a7c5673c477f644b051913cd5fa44c) Importer(815301076,1909f56bfc062723c751e8b465ee728b)
Start importing Assets/Sprites/MBoy.psb using Guid(10a7c5673c477f644b051913cd5fa44c) Importer(815301076,1909f56bfc062723c751e8b465ee728b)  -> (artifact id: '81dc07b2f78ac672c5eb35467721771d') in 0.210540 seconds 
========================================================================
Received Prepare
Registering precompiled user dll's ...
Registered in 0.003613 seconds.
Begin MonoManager ReloadAssembly
Native extension for WindowsStandalone target not found
Refreshing native plugins compatible for Editor in 0.78 ms, found 4 plugins.
Preloading 0 native plugins for Editor in 0.00 ms.
Mono: successfully reloaded assembly
- Completed reload, in  1.356 seconds
Domain Reload Profiling:
	ReloadAssembly (1356ms)
		BeginReloadAssembly (153ms)
			ExecutionOrderSort (0ms)
			DisableScriptedObjects (7ms)
			BackupInstance (0ms)
			ReleaseScriptingObjects (0ms)
			CreateAndSetChildDomain (44ms)
		EndReloadAssembly (1130ms)
			LoadAssemblies (124ms)
			RebuildTransferFunctionScriptingTraits (0ms)
			SetupTypeCache (392ms)
			ReleaseScriptCaches (1ms)
			RebuildScriptCaches (57ms)
			SetupLoadedEditorAssemblies (428ms)
				LogAssemblyErrors (0ms)
				InitializePlatformSupportModulesInManaged (5ms)
				SetLoadedEditorAssemblies (1ms)
				RefreshPlugins (1ms)
				BeforeProcessingInitializeOnLoad (96ms)
				ProcessInitializeOnLoadAttributes (304ms)
				ProcessInitializeOnLoadMethodAttributes (13ms)
				AfterProcessingInitializeOnLoad (9ms)
				EditorAssembliesLoaded (0ms)
			ExecutionOrderSort2 (0ms)
			AwakeInstancesAfterBackupRestoration (11ms)
Platform modules already initialized, skipping
Switching build target platform(19) subTarget(0) extendedPlatform(0) -> platform(13) subTarget(537395200) extendedPlatform(0)
Refreshing native plugins compatible for Editor in 0.79 ms, found 4 plugins.
Preloading 0 native plugins for Editor in 0.00 ms.
Unloading 2880 Unused Serialized files (Serialized files now loaded: 0)
System memory in use before: 123.3 MB.
System memory in use after: 123.5 MB.

Unloading 19 unused Assets to reduce memory usage. Loaded Objects now: 3508.
Total: 4.373200 ms (FindLiveObjects: 0.283100 ms CreateObjectMapping: 0.147600 ms MarkObjects: 3.888500 ms  DeleteObjects: 0.053000 ms)

AssetImportParameters requested are different than current active one (requested -> active):
  custom:framework-win-MediaFoundation: 216162199b28c13a410421893ffa2e32 -> 
  custom:video-decoder-ogg-theora: a1e56fd34408186e4bbccfd4996cb3dc -> 
  custom:container-muxer-webm: aa71ff27fc2769a1b78a27578f13a17b -> 
  custom:container-demuxer-webm: 4f35f7cbe854078d1ac9338744f61a02 -> 
  custom:container-demuxer-ogg: 62fdf1f143b41e24485cea50d1cbac27 -> 
  custom:video-encoder-webm-vp8: eb34c28f22e8b96e1ab97ce403110664 -> 
  custom:video-decoder-webm-vp8: 9c59270c3fd7afecdb556c50c9e8de78 -> 
  custom:graphics/normal-map-encoding: 01000000000000000000000000000000 -> 02000000000000000000000000000000
  custom:audio-decoder-ogg-vorbis: bf7c407c2cedff20999df2af8eb42d56 -> 
  custom:audio-encoder-webm-vorbis: bf7c407c2cedff20999df2af8eb42d56 -> 
========================================================================
Received Prepare
Registering precompiled user dll's ...
Registered in 0.003949 seconds.
Begin MonoManager ReloadAssembly
Native extension for WindowsStandalone target not found
Refreshing native plugins compatible for Editor in 0.81 ms, found 4 plugins.
Preloading 0 native plugins for Editor in 0.00 ms.
Mono: successfully reloaded assembly
- Completed reload, in  1.731 seconds
Domain Reload Profiling:
	ReloadAssembly (1732ms)
		BeginReloadAssembly (177ms)
			ExecutionOrderSort (0ms)
			DisableScriptedObjects (11ms)
			BackupInstance (0ms)
			ReleaseScriptingObjects (0ms)
			CreateAndSetChildDomain (51ms)
		EndReloadAssembly (1461ms)
			LoadAssemblies (160ms)
			RebuildTransferFunctionScriptingTraits (0ms)
			SetupTypeCache (524ms)
			ReleaseScriptCaches (2ms)
			RebuildScriptCaches (96ms)
			SetupLoadedEditorAssemblies (485ms)
				LogAssemblyErrors (0ms)
				InitializePlatformSupportModulesInManaged (6ms)
				SetLoadedEditorAssemblies (1ms)
				RefreshPlugins (1ms)
				BeforeProcessingInitializeOnLoad (125ms)
				ProcessInitializeOnLoadAttributes (330ms)
				ProcessInitializeOnLoadMethodAttributes (14ms)
				AfterProcessingInitializeOnLoad (8ms)
				EditorAssembliesLoaded (0ms)
			ExecutionOrderSort2 (0ms)
			AwakeInstancesAfterBackupRestoration (11ms)
Platform modules already initialized, skipping
Switching build target platform(19) subTarget(0) extendedPlatform(0) -> platform(13) subTarget(537395200) extendedPlatform(0)
Refreshing native plugins compatible for Editor in 0.72 ms, found 4 plugins.
Preloading 0 native plugins for Editor in 0.00 ms.
Unloading 2880 Unused Serialized files (Serialized files now loaded: 0)
System memory in use before: 123.3 MB.
System memory in use after: 123.6 MB.

Unloading 19 unused Assets to reduce memory usage. Loaded Objects now: 3511.
Total: 6.629200 ms (FindLiveObjects: 0.789300 ms CreateObjectMapping: 0.685600 ms MarkObjects: 5.127100 ms  DeleteObjects: 0.026100 ms)

AssetImportParameters requested are different than current active one (requested -> active):
  custom:framework-win-MediaFoundation: 216162199b28c13a410421893ffa2e32 -> 
  custom:video-decoder-ogg-theora: a1e56fd34408186e4bbccfd4996cb3dc -> 
  custom:container-muxer-webm: aa71ff27fc2769a1b78a27578f13a17b -> 
  custom:container-demuxer-webm: 4f35f7cbe854078d1ac9338744f61a02 -> 
  custom:container-demuxer-ogg: 62fdf1f143b41e24485cea50d1cbac27 -> 
  custom:video-encoder-webm-vp8: eb34c28f22e8b96e1ab97ce403110664 -> 
  custom:video-decoder-webm-vp8: 9c59270c3fd7afecdb556c50c9e8de78 -> 
  custom:graphics/normal-map-encoding: 01000000000000000000000000000000 -> 02000000000000000000000000000000
  custom:audio-decoder-ogg-vorbis: bf7c407c2cedff20999df2af8eb42d56 -> 
  custom:audio-encoder-webm-vorbis: bf7c407c2cedff20999df2af8eb42d56 -> 
========================================================================
Received Prepare
Registering precompiled user dll's ...
Registered in 0.003421 seconds.
Begin MonoManager ReloadAssembly
Native extension for WindowsStandalone target not found
Refreshing native plugins compatible for Editor in 0.62 ms, found 4 plugins.
Preloading 0 native plugins for Editor in 0.00 ms.
Mono: successfully reloaded assembly
- Completed reload, in  1.431 seconds
Domain Reload Profiling:
	ReloadAssembly (1432ms)
		BeginReloadAssembly (191ms)
			ExecutionOrderSort (0ms)
			DisableScriptedObjects (7ms)
			BackupInstance (0ms)
			ReleaseScriptingObjects (0ms)
			CreateAndSetChildDomain (68ms)
		EndReloadAssembly (1167ms)
			LoadAssemblies (125ms)
			RebuildTransferFunctionScriptingTraits (0ms)
			SetupTypeCache (406ms)
			ReleaseScriptCaches (1ms)
			RebuildScriptCaches (55ms)
			SetupLoadedEditorAssemblies (432ms)
				LogAssemblyErrors (0ms)
				InitializePlatformSupportModulesInManaged (4ms)
				SetLoadedEditorAssemblies (1ms)
				RefreshPlugins (1ms)
				BeforeProcessingInitializeOnLoad (101ms)
				ProcessInitializeOnLoadAttributes (302ms)
				ProcessInitializeOnLoadMethodAttributes (15ms)
				AfterProcessingInitializeOnLoad (9ms)
				EditorAssembliesLoaded (0ms)
			ExecutionOrderSort2 (0ms)
			AwakeInstancesAfterBackupRestoration (15ms)
Platform modules already initialized, skipping
Switching build target platform(19) subTarget(0) extendedPlatform(0) -> platform(13) subTarget(537395200) extendedPlatform(0)
Refreshing native plugins compatible for Editor in 0.63 ms, found 4 plugins.
Preloading 0 native plugins for Editor in 0.00 ms.
Unloading 2880 Unused Serialized files (Serialized files now loaded: 0)
System memory in use before: 123.4 MB.
System memory in use after: 123.6 MB.

Unloading 19 unused Assets to reduce memory usage. Loaded Objects now: 3514.
Total: 4.423000 ms (FindLiveObjects: 0.249000 ms CreateObjectMapping: 0.170300 ms MarkObjects: 3.938100 ms  DeleteObjects: 0.064700 ms)

AssetImportParameters requested are different than current active one (requested -> active):
  custom:framework-win-MediaFoundation: 216162199b28c13a410421893ffa2e32 -> 
  custom:video-decoder-ogg-theora: a1e56fd34408186e4bbccfd4996cb3dc -> 
  custom:container-muxer-webm: aa71ff27fc2769a1b78a27578f13a17b -> 
  custom:container-demuxer-webm: 4f35f7cbe854078d1ac9338744f61a02 -> 
  custom:container-demuxer-ogg: 62fdf1f143b41e24485cea50d1cbac27 -> 
  custom:video-encoder-webm-vp8: eb34c28f22e8b96e1ab97ce403110664 -> 
  custom:video-decoder-webm-vp8: 9c59270c3fd7afecdb556c50c9e8de78 -> 
  custom:graphics/normal-map-encoding: 01000000000000000000000000000000 -> 02000000000000000000000000000000
  custom:audio-decoder-ogg-vorbis: bf7c407c2cedff20999df2af8eb42d56 -> 
  custom:audio-encoder-webm-vorbis: bf7c407c2cedff20999df2af8eb42d56 -> 
========================================================================
Received Prepare
Refreshing native plugins compatible for Editor in 3.99 ms, found 4 plugins.
Preloading 0 native plugins for Editor in 0.00 ms.
Unloading 16 Unused Serialized files (Serialized files now loaded: 0)
System memory in use before: 66.5 MB.
System memory in use after: 66.7 MB.

Unloading 16 unused Assets to reduce memory usage. Loaded Objects now: 3514.
Total: 4.966100 ms (FindLiveObjects: 0.352700 ms CreateObjectMapping: 0.177200 ms MarkObjects: 4.382400 ms  DeleteObjects: 0.053000 ms)

AssetImportParameters requested are different than current active one (requested -> active):
  custom:framework-win-MediaFoundation: 216162199b28c13a410421893ffa2e32 -> 
  custom:video-decoder-ogg-theora: a1e56fd34408186e4bbccfd4996cb3dc -> 
  custom:container-muxer-webm: aa71ff27fc2769a1b78a27578f13a17b -> 
  custom:container-demuxer-webm: 4f35f7cbe854078d1ac9338744f61a02 -> 
  custom:container-demuxer-ogg: 62fdf1f143b41e24485cea50d1cbac27 -> 
  custom:video-encoder-webm-vp8: eb34c28f22e8b96e1ab97ce403110664 -> 
  custom:video-decoder-webm-vp8: 9c59270c3fd7afecdb556c50c9e8de78 -> 
  custom:audio-decoder-ogg-vorbis: bf7c407c2cedff20999df2af8eb42d56 -> 
  custom:audio-encoder-webm-vorbis: bf7c407c2cedff20999df2af8eb42d56 -> 
========================================================================
Received Import Request.
  Time since last request: 486.692076 seconds.
  path: Assets/Scenes/MovementsType.unity
  artifactKey: Guid(91e3ef9e5e63cf54d94d011e0a7ce9d3) Importer(815301076,1909f56bfc062723c751e8b465ee728b)
Start importing Assets/Scenes/MovementsType.unity using Guid(91e3ef9e5e63cf54d94d011e0a7ce9d3) Importer(815301076,1909f56bfc062723c751e8b465ee728b)  -> (artifact id: '2c27492780a09309533eb7827dfa4dc2') in 0.020445 seconds 
========================================================================
Received Prepare
Refreshing native plugins compatible for Editor in 3.82 ms, found 4 plugins.
Preloading 0 native plugins for Editor in 0.00 ms.
Unloading 16 Unused Serialized files (Serialized files now loaded: 0)
System memory in use before: 66.5 MB.
System memory in use after: 66.7 MB.

Unloading 16 unused Assets to reduce memory usage. Loaded Objects now: 3514.
Total: 6.970500 ms (FindLiveObjects: 0.280300 ms CreateObjectMapping: 0.178100 ms MarkObjects: 6.469800 ms  DeleteObjects: 0.041100 ms)

AssetImportParameters requested are different than current active one (requested -> active):
  custom:framework-win-MediaFoundation: 216162199b28c13a410421893ffa2e32 -> 
  custom:video-decoder-ogg-theora: a1e56fd34408186e4bbccfd4996cb3dc -> 
  custom:container-muxer-webm: aa71ff27fc2769a1b78a27578f13a17b -> 
  custom:container-demuxer-webm: 4f35f7cbe854078d1ac9338744f61a02 -> 
  custom:container-demuxer-ogg: 62fdf1f143b41e24485cea50d1cbac27 -> 
  custom:video-encoder-webm-vp8: eb34c28f22e8b96e1ab97ce403110664 -> 
  custom:video-decoder-webm-vp8: 9c59270c3fd7afecdb556c50c9e8de78 -> 
  custom:audio-decoder-ogg-vorbis: bf7c407c2cedff20999df2af8eb42d56 -> 
  custom:audio-encoder-webm-vorbis: bf7c407c2cedff20999df2af8eb42d56 -> 
AssetImportWorkerClient::OnTransportError - code=2 error=End of file
